02:56:08 [INFO] Succesfully processed Fifty Shades Freed
02:56:10 [INFO] Succesfully processed Zootopia
02:56:12 [INFO] Succesfully processed Coco
02:56:14 [INFO] Succesfully processed Black Panther
02:56:15 [INFO] Succesfully processed Ready Player One
02:56:17 [INFO] Succesfully processed Star Wars: The Last Jedi
02:56:19 [INFO] Succesfully processed Tomb Raider
02:56:20 [INFO] Succesfully processed Pitch Perfect 3
02:56:22 [INFO] Succesfully processed Beauty and the Beast
02:56:24 [INFO] Succesfully processed Thor: Ragnarok
02:56:25 [INFO] Succesfully processed A Quiet Place
02:56:27 [INFO] Succesfully processed John Wick
02:56:29 [INFO] Succesfully processed Justice League
02:56:30 [INFO] Succesfully processed The Maze Runner
02:56:32 [INFO] Succesfully processed Sleight
02:56:34 [INFO] Succesfully processed The Shape of Water
02:56:36 [INFO] Succesfully processed The Avengers
02:56:37 [INFO] Succesfully processed Pacific Rim: Uprising
02:56:39 [INFO] Succesfully processed The Commuter
02:56:41 [INFO] Succesfully processed Guardians of the Galaxy
02:56:42 [INFO] Succesfully processed The Post
02:56:44 [INFO] Succesfully processed Logan
02:56:44 [WARN] 483877: missing TMDB data
02:56:46 [INFO] Succesfully processed The Greatest Showman
02:56:48 [INFO] Succesfully processed Avengers: Infinity War
02:56:50 [INFO] Succesfully processed Terminator Genisys
02:56:52 [INFO] Succesfully processed Avengers: Age of Ultron
02:56:54 [INFO] Succesfully processed Blade Runner 2049
02:56:56 [INFO] Succesfully processed Fury
02:56:56 [WARN] 479363: non-English movie
02:56:58 [INFO] Succesfully processed Teenage Mutant Ninja Turtles
02:56:59 [INFO] Succesfully processed The Hobbit: The Battle of the Five Armies
02:57:02 [INFO] Succesfully processed Pirates of the Caribbean: The Curse of the Black Pearl
02:57:04 [INFO] Succesfully processed The Hunger Games: Mockingjay - Part 1
02:57:06 [INFO] Succesfully processed Batman v Superman: Dawn of Justice
02:57:08 [INFO] Succesfully processed Thor: The Dark World
02:57:10 [INFO] Succesfully processed Maze Runner: The Death Cure
02:57:11 [INFO] Succesfully processed Gone Girl
02:57:13 [INFO] Succesfully processed Star Wars: The Force Awakens
02:57:14 [WARN] 499772: missing TMDB data
02:57:15 [INFO] Succesfully processed Jumanji: Welcome to the Jungle
02:57:17 [INFO] Succesfully processed San Andreas
02:57:19 [INFO] Succesfully processed Thor
02:57:21 [INFO] Succesfully processed Tomorrowland
02:57:22 [INFO] Succesfully processed There Be Dragons
02:57:24 [INFO] Succesfully processed Spectre
02:57:26 [INFO] Succesfully processed Kingsman: The Golden Circle
02:57:27 [INFO] Succesfully processed Dunkirk
02:57:29 [INFO] Succesfully processed Three Billboards Outside Ebbing, Missouri
02:57:31 [INFO] Succesfully processed Geostorm
02:57:33 [INFO] Succesfully processed Captain America: Civil War
02:57:35 [INFO] Succesfully processed Pirates of the Caribbean: On Stranger Tides
02:57:37 [INFO] Succesfully processed Pirates of the Caribbean: Dead Men Tell No Tales
02:57:39 [INFO] Succesfully processed Cinderella
02:57:41 [INFO] Succesfully processed Iron Man
02:57:43 [INFO] Succesfully processed Twilight
02:57:45 [INFO] Succesfully processed Annihilation
02:57:47 [INFO] Succesfully processed Murder on the Orient Express
02:57:49 [INFO] Succesfully processed Mad Max: Fury Road
02:57:51 [INFO] Succesfully processed Birdman
02:57:53 [INFO] Succesfully processed Dawn of the Planet of the Apes
02:57:55 [INFO] Succesfully processed Taken 3
02:57:56 [INFO] Succesfully processed Wonder Woman
02:57:58 [INFO] Succesfully processed American Pie
02:58:00 [INFO] Succesfully processed Avatar
02:58:03 [INFO] Succesfully processed Batman Begins
02:58:04 [INFO] Succesfully processed Chappie
02:58:06 [INFO] Succesfully processed Call Me by Your Name
02:58:08 [INFO] Succesfully processed The Imitation Game
02:58:09 [INFO] Succesfully processed Insurgent
02:58:11 [INFO] Succesfully processed The Lord of the Rings: The Fellowship of the Ring
02:58:13 [INFO] Succesfully processed Maze Runner: The Scorch Trials
02:58:15 [INFO] Succesfully processed The Equalizer
02:58:17 [INFO] Succesfully processed Ant-Man
02:58:18 [INFO] Succesfully processed Spider-Man: Homecoming
02:58:20 [INFO] Succesfully processed Fifty Shades of Grey
02:58:22 [INFO] Succesfully processed Inside Out
02:58:23 [INFO] Succesfully processed War for the Planet of the Apes
02:58:25 [INFO] Succesfully processed X-Men: Days of Future Past
02:58:27 [INFO] Succesfully processed The Dark Knight Rises
02:58:29 [INFO] Succesfully processed How to Train Your Dragon 2
02:58:30 [INFO] Succesfully processed Rampage
02:58:32 [INFO] Succesfully processed Frozen
02:58:34 [INFO] Succesfully processed Baby Driver
02:58:36 [INFO] Succesfully processed Fantastic Beasts and Where to Find Them
02:58:38 [INFO] Succesfully processed Guardians of the Galaxy Vol. 2
02:58:40 [INFO] Succesfully processed 2001: A Space Odyssey
02:58:42 [INFO] Succesfully processed Nightcrawler
02:58:43 [INFO] Succesfully processed It Follows
02:58:45 [INFO] Succesfully processed Molly's Game
02:58:47 [INFO] Succesfully processed Jupiter Ascending
02:58:49 [INFO] Succesfully processed Star Wars
02:58:51 [INFO] Succesfully processed Iron Man 3
02:58:52 [INFO] Succesfully processed The Lord of the Rings: The Return of the King
02:58:54 [INFO] Succesfully processed The Lord of the Rings: The Two Towers
02:58:56 [INFO] Succesfully processed Despicable Me
02:58:58 [INFO] Succesfully processed Sin City: A Dame to Kill For
02:59:00 [INFO] Succesfully processed Pirates of the Caribbean: Dead Man's Chest
02:59:00 [WARN] 399905: non-English movie
02:59:02 [INFO] Succesfully processed Furious 7
02:59:04 [INFO] Succesfully processed The Dark Tower
02:59:06 [INFO] Succesfully processed Pirates of the Caribbean: At World's End
02:59:08 [INFO] Succesfully processed John Wick: Chapter 2
02:59:10 [INFO] Succesfully processed 12 Strong
02:59:12 [INFO] Succesfully processed Blade Runner
02:59:12 [WARN] 329103: non-English movie
02:59:13 [INFO] Succesfully processed Rise of the Planet of the Apes
02:59:15 [INFO] Succesfully processed Casino Royale
02:59:17 [INFO] Succesfully processed The Godfather
02:59:18 [INFO] Succesfully processed Pacific Rim
02:59:20 [INFO] Succesfully processed Interstellar
02:59:22 [INFO] Succesfully processed Skyfall
02:59:23 [INFO] Succesfully processed Ice Age
02:59:25 [INFO] Succesfully processed Valerian and the City of a Thousand Planets
02:59:27 [INFO] Succesfully processed Ex Machina
02:59:29 [INFO] Succesfully processed Finding Nemo
02:59:31 [INFO] Succesfully processed Ghost in the Shell
02:59:32 [INFO] Succesfully processed Captain America: The First Avenger
02:59:34 [INFO] Succesfully processed Mission: Impossible - Rogue Nation
02:59:36 [INFO] Succesfully processed Fight Club
02:59:38 [INFO] Succesfully processed The Lion King
02:59:40 [INFO] Succesfully processed Hercules
02:59:41 [INFO] Succesfully processed It
02:59:43 [INFO] Succesfully processed Raiders of the Lost Ark
02:59:48 [INFO] Succesfully processed Split
03:00:11 [INFO] Succesfully processed The Twilight Saga: Breaking Dawn - Part 2
03:00:17 [INFO] Succesfully processed Dracula Untold
03:00:31 [INFO] Succesfully processed Toy Story
03:00:44 [WARN] http://www.imdb.com/title/tt1375666/plotsummary?ref_=tt_stry_pl: failed to lookup address information: Temporary failure in name resolution
03:01:01 [WARN] https://api.themoviedb.org/3/movie/401981/credits?api_key=06709af3621440ead23fb1f3e554ee3d&language=en-US: failed to lookup address information: Temporary failure in name resolution
03:01:17 [WARN] https://api.themoviedb.org/3/movie/27578/credits?api_key=06709af3621440ead23fb1f3e554ee3d&language=en-US: failed to lookup address information: Temporary failure in name resolution
03:01:22 [INFO] Succesfully processed Django Unchained
03:01:29 [INFO] Succesfully processed Saw
03:01:39 [WARN] https://api.themoviedb.org/3/movie/14160?api_key=06709af3621440ead23fb1f3e554ee3d&language=en-US: failed to lookup address information: Temporary failure in name resolution
03:02:06 [WARN] https://api.themoviedb.org/3/movie/218/keywords?api_key=06709af3621440ead23fb1f3e554ee3d&language=en-US: failed to lookup address information: Temporary failure in name resolution
03:02:25 [INFO] Succesfully processed Toy Story 2
03:02:28 [INFO] Succesfully processed The Twilight Saga: New Moon
03:02:31 [INFO] Succesfully processed La La Land
03:02:34 [INFO] Succesfully processed Kong: Skull Island
03:02:37 [INFO] Succesfully processed The Incredibles
03:02:41 [INFO] Succesfully processed Harry Potter and the Deathly Hallows: Part 2
03:02:44 [INFO] Succesfully processed Se7en
03:02:47 [INFO] Succesfully processed Iron Man 2
03:02:51 [INFO] Succesfully processed Death Race
03:02:54 [INFO] Succesfully processed The Interview
03:02:57 [INFO] Succesfully processed Hacksaw Ridge
03:03:00 [INFO] Succesfully processed Kill Bill: Vol. 1
03:03:04 [INFO] Succesfully processed Kung Fu Panda 3
03:03:07 [INFO] Succesfully processed Southpaw
03:03:10 [INFO] Succesfully processed The Titan
03:03:13 [INFO] Succesfully processed Terminator 2: Judgment Day
03:03:16 [INFO] Succesfully processed Prometheus
03:03:19 [INFO] Succesfully processed Doctor Strange
03:03:23 [INFO] Succesfully processed The Amazing Spider-Man
03:03:27 [INFO] Succesfully processed Return of the Jedi
03:03:30 [INFO] Succesfully processed The Theory of Everything
03:03:33 [INFO] Succesfully processed Deadpool
03:03:36 [INFO] Succesfully processed Indiana Jones and the Temple of Doom
03:03:39 [INFO] Succesfully processed The Hitman's Bodyguard
03:03:42 [INFO] Succesfully processed Captain America: The Winter Soldier
03:03:45 [INFO] Succesfully processed Pulp Fiction
03:03:48 [INFO] Succesfully processed Back to the Future
03:03:51 [INFO] Succesfully processed Transformers: Age of Extinction
03:03:55 [INFO] Succesfully processed Alien
03:03:55 [WARN] 129: non-English movie
03:04:00 [INFO] Succesfully processed The Legend of Tarzan
03:04:03 [INFO] Succesfully processed The Shining
03:04:06 [INFO] Succesfully processed All the Money in the World
03:04:09 [INFO] Succesfully processed Lucy
03:04:12 [INFO] Succesfully processed The Godfather: Part II
03:04:15 [INFO] Succesfully processed Horrible Bosses 2
03:04:18 [INFO] Succesfully processed The Wolf of Wall Street
03:04:21 [INFO] Succesfully processed GoldenEye
03:04:25 [INFO] Succesfully processed X-Men: Apocalypse
03:04:28 [INFO] Succesfully processed Harry Potter and the Philosopher's Stone
03:04:31 [INFO] Succesfully processed Man of Steel
03:04:34 [INFO] Succesfully processed Batman
03:04:38 [INFO] Succesfully processed Harry Potter and the Order of the Phoenix
03:04:41 [INFO] Succesfully processed The Departed
03:04:44 [INFO] Succesfully processed How to Train Your Dragon
